  Triangle.cpp
  ofApp.cpp
c:\users\rocky\documents\cs116b\of_v0.10.1_vs2017_release\of_v0.10.1_vs2017_release\libs\openframeworks\math\ofmatrix4x4.h(326): warning C4267: 'argument': conversion from 'size_t' to 'int', possible loss of data (compiling source file src\ofApp.cpp)
c:\users\rocky\documents\cs116b\of_v0.10.1_vs2017_release\of_v0.10.1_vs2017_release\libs\openframeworks\math\ofmatrix4x4.h(331): warning C4267: 'argument': conversion from 'size_t' to 'int', possible loss of data (compiling source file src\ofApp.cpp)
c:\users\rocky\documents\cs116b\of_v0.10.1_vs2017_release\of_v0.10.1_vs2017_release\libs\openframeworks\math\ofmatrix4x4.h(912): warning C4267: 'argument': conversion from 'size_t' to 'int', possible loss of data (compiling source file src\ofApp.cpp)
c:\users\rocky\documents\cs116b\of_v0.10.1_vs2017_release\of_v0.10.1_vs2017_release\libs\openframeworks\math\ofmatrix4x4.h(913): warning C4267: 'argument': conversion from 'size_t' to 'int', possible loss of data (compiling source file src\ofApp.cpp)
c:\users\rocky\documents\cs116b\of_v0.10.1_vs2017_release\of_v0.10.1_vs2017_release\libs\openframeworks\math\ofmatrix4x4.h(914): warning C4267: 'argument': conversion from 'size_t' to 'int', possible loss of data (compiling source file src\ofApp.cpp)
c:\users\rocky\documents\cs116b\of_v0.10.1_vs2017_release\of_v0.10.1_vs2017_release\libs\openframeworks\math\ofmatrix4x4.h(915): warning C4267: 'argument': conversion from 'size_t' to 'int', possible loss of data (compiling source file src\ofApp.cpp)
c:\users\rocky\documents\cs116b\of_v0.10.1_vs2017_release\of_v0.10.1_vs2017_release\libs\openframeworks\math\ofmatrix4x4.h(326): warning C4267: 'argument': conversion from 'size_t' to 'int', possible loss of data (compiling source file src\Triangle.cpp)
c:\users\rocky\documents\cs116b\of_v0.10.1_vs2017_release\of_v0.10.1_vs2017_release\libs\openframeworks\math\ofmatrix4x4.h(331): warning C4267: 'argument': conversion from 'size_t' to 'int', possible loss of data (compiling source file src\Triangle.cpp)
c:\users\rocky\documents\cs116b\of_v0.10.1_vs2017_release\of_v0.10.1_vs2017_release\libs\openframeworks\math\ofmatrix4x4.h(912): warning C4267: 'argument': conversion from 'size_t' to 'int', possible loss of data (compiling source file src\Triangle.cpp)
c:\users\rocky\documents\cs116b\of_v0.10.1_vs2017_release\of_v0.10.1_vs2017_release\libs\openframeworks\math\ofmatrix4x4.h(913): warning C4267: 'argument': conversion from 'size_t' to 'int', possible loss of data (compiling source file src\Triangle.cpp)
c:\users\rocky\documents\cs116b\of_v0.10.1_vs2017_release\of_v0.10.1_vs2017_release\libs\openframeworks\math\ofmatrix4x4.h(914): warning C4267: 'argument': conversion from 'size_t' to 'int', possible loss of data (compiling source file src\Triangle.cpp)
c:\users\rocky\documents\cs116b\of_v0.10.1_vs2017_release\of_v0.10.1_vs2017_release\libs\openframeworks\math\ofmatrix4x4.h(915): warning C4267: 'argument': conversion from 'size_t' to 'int', possible loss of data (compiling source file src\Triangle.cpp)
c:\users\rocky\documents\cs116b\of_v0.10.1_vs2017_release\of_v0.10.1_vs2017_release\apps\myapps\final project\src\ofapp.cpp(40): warning C4996: 'fopen': This function or variable may be unsafe. Consider using fopen_s instead. To disable deprecation, use _CRT_SECURE_NO_WARNINGS. See online help for details.
  c:\program files (x86)\windows kits\10\include\10.0.17763.0\ucrt\stdio.h(208): note: see declaration of 'fopen'
     Creating library bin\Final Project.lib and object bin\Final Project.exp
  Generating code
  0 of 617 functions ( 0.0%) were compiled, the rest were copied from previous compilation.
    0 functions were new in current compilation
    0 functions had inline decision re-evaluated but remain unchanged
  Finished generating code
  Final Project.vcxproj -> C:\Users\rocky\Documents\cs116b\of_v0.10.1_vs2017_release\of_v0.10.1_vs2017_release\apps\myApps\Final Project\bin\Final Project.exe
  
  	                   2	C:\Users\rocky\Documents\cs116b\of_v0.10.1_vs2017_release\of_v0.10.1_vs2017_release\libs\fmodex\lib\vs\x64\
  	  *EXTRA File 		 3506176	C:\Users\rocky\Documents\cs116b\of_v0.10.1_vs2017_release\of_v0.10.1_vs2017_release\apps\myApps\Final Project\bin\assimp32.dll
  	  *EXTRA File 		 4244992	C:\Users\rocky\Documents\cs116b\of_v0.10.1_vs2017_release\of_v0.10.1_vs2017_release\apps\myApps\Final Project\bin\assimp64.dll
  	  *EXTRA File 		 6942208	C:\Users\rocky\Documents\cs116b\of_v0.10.1_vs2017_release\of_v0.10.1_vs2017_release\apps\myApps\Final Project\bin\FreeImage.dll
  
  	                   1	C:\Users\rocky\Documents\cs116b\of_v0.10.1_vs2017_release\of_v0.10.1_vs2017_release\libs\FreeImage\lib\vs\x64\
  	  *EXTRA File 		 3506176	C:\Users\rocky\Documents\cs116b\of_v0.10.1_vs2017_release\of_v0.10.1_vs2017_release\apps\myApps\Final Project\bin\assimp32.dll
  	  *EXTRA File 		 4244992	C:\Users\rocky\Documents\cs116b\of_v0.10.1_vs2017_release\of_v0.10.1_vs2017_release\apps\myApps\Final Project\bin\assimp64.dll
  	  *EXTRA File 		 1503232	C:\Users\rocky\Documents\cs116b\of_v0.10.1_vs2017_release\of_v0.10.1_vs2017_release\apps\myApps\Final Project\bin\fmodex64.dll
  	  *EXTRA File 		 1552384	C:\Users\rocky\Documents\cs116b\of_v0.10.1_vs2017_release\of_v0.10.1_vs2017_release\apps\myApps\Final Project\bin\fmodexL64.dll
